[2011-04-18 21:55:22,304|INFO |btpool0-0|org.hibernate.cfg.annotations.Version.<clinit>()] Hibernate Annotations 3.4.0.GA

[2011-04-18 21:55:22,330|INFO |btpool0-0|org.hibernate.cfg.Environment.<clinit>()] Hibernate 3.3.0.SP1

[2011-04-18 21:55:22,337|INFO |btpool0-0|org.hibernate.cfg.Environment.<clinit>()] hibernate.properties not found

[2011-04-18 21:55:22,343|INFO |btpool0-0|org.hibernate.cfg.Environment.buildBytecodeProvider()] Bytecode provider name : javassist

[2011-04-18 21:55:22,357|INFO |btpool0-0|org.hibernate.cfg.Environment.<clinit>()] using JDK 1.4 java.sql.Timestamp handling

[2011-04-18 21:55:22,483|INFO |btpool0-0|org.hibernate.annotations.common.Version.<clinit>()] Hibernate Commons Annotations 3.1.0.GA

[2011-04-18 21:55:22,489|INFO |btpool0-0|org.hibernate.ejb.Version.<clinit>()] Hibernate EntityManager 3.4.0.GA

[2011-04-18 21:55:23,217|INFO |btpool0-0|org.hibernate.cfg.AnnotationBinder.bindClass()] Binding entity from annotated class: hu.bme.vihijv37.bus1fj.web.server.entity.User

[2011-04-18 21:55:23,270|INFO |btpool0-0|org.hibernate.cfg.annotations.EntityBinder.bindTable()] Bind entity hu.bme.vihijv37.bus1fj.web.server.entity.User on table USER

[2011-04-18 21:55:23,373|INFO |btpool0-0|org.hibernate.cfg.AnnotationBinder.bindClass()] Binding entity from annotated class: hu.bme.vihijv37.bus1fj.web.server.entity.File

[2011-04-18 21:55:23,374|INFO |btpool0-0|org.hibernate.cfg.annotations.EntityBinder.bindTable()] Bind entity hu.bme.vihijv37.bus1fj.web.server.entity.File on table FILE

[2011-04-18 21:55:23,462|INFO |btpool0-0|org.hibernate.cfg.annotations.CollectionBinder.bindOneToManySecondPass()] Mapping collection: hu.bme.vihijv37.bus1fj.web.server.entity.User.files -> FILE

[2011-04-18 21:55:23,466|INFO |btpool0-0|org.hibernate.cfg.AnnotationConfiguration.secondPassCompile()] Hibernate Validator not found: ignoring

[2011-04-18 21:55:23,495|INFO |btpool0-0|org.hibernate.cfg.search.HibernateSearchEventListenerRegister.enableHibernateSearch()] Unable to find org.hibernate.search.event.FullTextIndexEventListener on the classpath. Hibernate Search is not enabled.

[2011-04-18 21:55:23,507|INFO |btpool0-0|org.hibernate.connection.DriverManagerConnectionProvider.configure()] Using Hibernate built-in connection pool (not for production use!)

[2011-04-18 21:55:23,507|INFO |btpool0-0|org.hibernate.connection.DriverManagerConnectionProvider.configure()] Hibernate connection pool size: 20

[2011-04-18 21:55:23,508|INFO |btpool0-0|org.hibernate.connection.DriverManagerConnectionProvider.configure()] autocommit mode: true

[2011-04-18 21:55:23,517|INFO |btpool0-0|org.hibernate.connection.DriverManagerConnectionProvider.configure()] using driver: com.mysql.jdbc.Driver at URL: jdbc:mysql://localhost:3306/fs

[2011-04-18 21:55:23,518|INFO |btpool0-0|org.hibernate.connection.DriverManagerConnectionProvider.configure()] connection properties: {user=fs, password=****, autocommit=true, release_mode=auto}

[2011-04-18 21:55:23,662|WARN |btpool0-0|org.hibernate.cfg.SettingsFactory.buildSettings()] Could not obtain connection metadata

java.sql.SQLException: Access denied for user 'fs'@'localhost' (using password: YES)
	at com.mysql.jdbc.SQLError.createSQLException(SQLError.java:946)
	at com.mysql.jdbc.MysqlIO.checkErrorPacket(MysqlIO.java:2985)
	at com.mysql.jdbc.MysqlIO.checkErrorPacket(MysqlIO.java:885)
	at com.mysql.jdbc.MysqlIO.secureAuth411(MysqlIO.java:3421)
	at com.mysql.jdbc.MysqlIO.doHandshake(MysqlIO.java:1247)
	at com.mysql.jdbc.Connection.createNewIO(Connection.java:2775)
	at com.mysql.jdbc.Connection.<init>(Connection.java:1555)
	at com.mysql.jdbc.NonRegisteringDriver.connect(NonRegisteringDriver.java:285)
	at java.sql.DriverManager.getConnection(DriverManager.java:582)
	at java.sql.DriverManager.getConnection(DriverManager.java:154)
	at org.hibernate.connection.DriverManagerConnectionProvider.getConnection(DriverManagerConnectionProvider.java:133)
	at org.hibernate.cfg.SettingsFactory.buildSettings(SettingsFactory.java:111)
	at org.hibernate.cfg.Configuration.buildSettings(Configuration.java:2101)
	at org.hibernate.cfg.Configuration.buildSessionFactory(Configuration.java:1325)
	at org.hibernate.cfg.AnnotationConfiguration.buildSessionFactory(AnnotationConfiguration.java:867)
	at org.hibernate.ejb.Ejb3Configuration.buildEntityManagerFactory(Ejb3Configuration.java:669)
	at org.hibernate.ejb.HibernatePersistence.createEntityManagerFactory(HibernatePersistence.java:126)
	at javax.persistence.Persistence.createEntityManagerFactory(Persistence.java:51)
	at javax.persistence.Persistence.createEntityManagerFactory(Persistence.java:33)
	at hu.bme.vihijv37.bus1fj.web.server.JpaManager.<init>(JpaManager.java:19)
	at hu.bme.vihijv37.bus1fj.web.server.JpaManager.<clinit>(JpaManager.java:10)
	at hu.bme.vihijv37.bus1fj.web.server.FsServiceImpl.login(FsServiceImpl.java:29)
	at sun.reflect.NativeMethodAccessorImpl.invoke0(Native Method)
	at sun.reflect.NativeMethodAccessorImpl.invoke(NativeMethodAccessorImpl.java:39)
	at sun.reflect.DelegatingMethodAccessorImpl.invoke(DelegatingMethodAccessorImpl.java:25)
	at java.lang.reflect.Method.invoke(Method.java:597)
	at com.google.gwt.user.server.rpc.RPC.invokeAndEncodeResponse(RPC.java:569)
	at com.google.gwt.user.server.rpc.RemoteServiceServlet.processCall(RemoteServiceServlet.java:208)
	at com.google.gwt.user.server.rpc.RemoteServiceServlet.processPost(RemoteServiceServlet.java:248)
	at com.google.gwt.user.server.rpc.AbstractRemoteServiceServlet.doPost(AbstractRemoteServiceServlet.java:62)
	at javax.servlet.http.HttpServlet.service(HttpServlet.java:637)
	at javax.servlet.http.HttpServlet.service(HttpServlet.java:717)
	at org.mortbay.jetty.servlet.ServletHolder.handle(ServletHolder.java:487)
	at org.mortbay.jetty.servlet.ServletHandler.handle(ServletHandler.java:362)
	at org.mortbay.jetty.security.SecurityHandler.handle(SecurityHandler.java:216)
	at org.mortbay.jetty.servlet.SessionHandler.handle(SessionHandler.java:181)
	at org.mortbay.jetty.handler.ContextHandler.handle(ContextHandler.java:729)
	at org.mortbay.jetty.webapp.WebAppContext.handle(WebAppContext.java:405)
	at org.mortbay.jetty.handler.HandlerWrapper.handle(HandlerWrapper.java:152)
	at org.mortbay.jetty.handler.RequestLogHandler.handle(RequestLogHandler.java:49)
	at org.mortbay.jetty.handler.HandlerWrapper.handle(HandlerWrapper.java:152)
	at org.mortbay.jetty.Server.handle(Server.java:324)
	at org.mortbay.jetty.HttpConnection.handleRequest(HttpConnection.java:505)
	at org.mortbay.jetty.HttpConnection$RequestHandler.content(HttpConnection.java:843)
	at org.mortbay.jetty.HttpParser.parseNext(HttpParser.java:647)
	at org.mortbay.jetty.HttpParser.parseAvailable(HttpParser.java:211)
	at org.mortbay.jetty.HttpConnection.handle(HttpConnection.java:380)
	at org.mortbay.io.nio.SelectChannelEndPoint.run(SelectChannelEndPoint.java:395)
	at org.mortbay.thread.QueuedThreadPool$PoolThread.run(QueuedThreadPool.java:488)
[2011-04-18 21:55:23,688|INFO |btpool0-0|org.hibernate.dialect.Dialect.<init>()] Using dialect: org.hibernate.dialect.MySQLDialect

[2011-04-18 21:55:23,695|INFO |btpool0-0|org.hibernate.transaction.TransactionFactoryFactory.buildTransactionFactory()] Transaction strategy: org.hibernate.transaction.JDBCTransactionFactory

[2011-04-18 21:55:23,698|INFO |btpool0-0|org.hibernate.transaction.TransactionManagerLookupFactory.getTransactionManagerLookup()] No TransactionManagerLookup configured (in JTA environment, use of read-write or transactional second-level cache is not recommended)

[2011-04-18 21:55:23,699|INFO |btpool0-0|org.hibernate.cfg.SettingsFactory.buildSettings()] Automatic flush during beforeCompletion(): disabled

[2011-04-18 21:55:23,700|INFO |btpool0-0|org.hibernate.cfg.SettingsFactory.buildSettings()] Automatic session close at end of transaction: disabled

[2011-04-18 21:55:23,701|INFO |btpool0-0|org.hibernate.cfg.SettingsFactory.buildSettings()] Scrollable result sets: disabled

[2011-04-18 21:55:23,702|INFO |btpool0-0|org.hibernate.cfg.SettingsFactory.buildSettings()] JDBC3 getGeneratedKeys(): disabled

[2011-04-18 21:55:23,703|INFO |btpool0-0|org.hibernate.cfg.SettingsFactory.buildSettings()] Connection release mode: auto

[2011-04-18 21:55:23,705|INFO |btpool0-0|org.hibernate.cfg.SettingsFactory.buildSettings()] Maximum outer join fetch depth: 2

[2011-04-18 21:55:23,706|INFO |btpool0-0|org.hibernate.cfg.SettingsFactory.buildSettings()] Default batch fetch size: 1

[2011-04-18 21:55:23,707|INFO |btpool0-0|org.hibernate.cfg.SettingsFactory.buildSettings()] Generate SQL with comments: disabled

[2011-04-18 21:55:23,708|INFO |btpool0-0|org.hibernate.cfg.SettingsFactory.buildSettings()] Order SQL updates by primary key: disabled

[2011-04-18 21:55:23,708|INFO |btpool0-0|org.hibernate.cfg.SettingsFactory.buildSettings()] Order SQL inserts for batching: disabled

[2011-04-18 21:55:23,709|INFO |btpool0-0|org.hibernate.cfg.SettingsFactory.createQueryTranslatorFactory()] Query translator: org.hibernate.hql.ast.ASTQueryTranslatorFactory

[2011-04-18 21:55:23,712|INFO |btpool0-0|org.hibernate.hql.ast.ASTQueryTranslatorFactory.<init>()] Using ASTQueryTranslatorFactory

[2011-04-18 21:55:23,713|INFO |btpool0-0|org.hibernate.cfg.SettingsFactory.buildSettings()] Query language substitutions: {}

[2011-04-18 21:55:23,714|INFO |btpool0-0|org.hibernate.cfg.SettingsFactory.buildSettings()] JPA-QL strict compliance: enabled

[2011-04-18 21:55:23,714|INFO |btpool0-0|org.hibernate.cfg.SettingsFactory.buildSettings()] Second-level cache: enabled

[2011-04-18 21:55:23,715|INFO |btpool0-0|org.hibernate.cfg.SettingsFactory.buildSettings()] Query cache: disabled

[2011-04-18 21:55:23,716|INFO |btpool0-0|org.hibernate.cfg.SettingsFactory.createRegionFactory()] Cache region factory : org.hibernate.cache.impl.NoCachingRegionFactory

[2011-04-18 21:55:23,716|INFO |btpool0-0|org.hibernate.cfg.SettingsFactory.buildSettings()] Optimize cache for minimal puts: disabled

[2011-04-18 21:55:23,717|INFO |btpool0-0|org.hibernate.cfg.SettingsFactory.buildSettings()] Structured second-level cache entries: disabled

[2011-04-18 21:55:23,724|INFO |btpool0-0|org.hibernate.cfg.SettingsFactory.buildSettings()] Statistics: disabled

[2011-04-18 21:55:23,725|INFO |btpool0-0|org.hibernate.cfg.SettingsFactory.buildSettings()] Deleted entity synthetic identifier rollback: disabled

[2011-04-18 21:55:23,727|INFO |btpool0-0|org.hibernate.cfg.SettingsFactory.buildSettings()] Default entity-mode: pojo

[2011-04-18 21:55:23,727|INFO |btpool0-0|org.hibernate.cfg.SettingsFactory.buildSettings()] Named query checking : enabled

[2011-04-18 21:55:23,781|INFO |btpool0-0|org.hibernate.impl.SessionFactoryImpl.<init>()] building session factory

[2011-04-18 21:55:24,359|INFO |btpool0-0|org.hibernate.impl.SessionFactoryObjectFactory.addInstance()] Not binding factory to JNDI, no JNDI name configured

[2011-04-18 21:55:24,364|INFO |btpool0-0|org.hibernate.tool.hbm2ddl.SchemaValidator.validate()] Running schema validator

[2011-04-18 21:55:24,364|INFO |btpool0-0|org.hibernate.tool.hbm2ddl.SchemaValidator.validate()] fetching database metadata

[2011-04-18 21:55:24,371|ERROR|btpool0-0|org.hibernate.tool.hbm2ddl.SchemaValidator.validate()] could not get database metadata

java.sql.SQLException: Access denied for user 'fs'@'localhost' (using password: YES)
	at com.mysql.jdbc.SQLError.createSQLException(SQLError.java:946)
	at com.mysql.jdbc.MysqlIO.checkErrorPacket(MysqlIO.java:2985)
	at com.mysql.jdbc.MysqlIO.checkErrorPacket(MysqlIO.java:885)
	at com.mysql.jdbc.MysqlIO.secureAuth411(MysqlIO.java:3421)
	at com.mysql.jdbc.MysqlIO.doHandshake(MysqlIO.java:1247)
	at com.mysql.jdbc.Connection.createNewIO(Connection.java:2775)
	at com.mysql.jdbc.Connection.<init>(Connection.java:1555)
	at com.mysql.jdbc.NonRegisteringDriver.connect(NonRegisteringDriver.java:285)
	at java.sql.DriverManager.getConnection(DriverManager.java:582)
	at java.sql.DriverManager.getConnection(DriverManager.java:154)
	at org.hibernate.connection.DriverManagerConnectionProvider.getConnection(DriverManagerConnectionProvider.java:133)
	at org.hibernate.tool.hbm2ddl.SuppliedConnectionProviderConnectionHelper.prepare(SuppliedConnectionProviderConnectionHelper.java:51)
	at org.hibernate.tool.hbm2ddl.SchemaValidator.validate(SchemaValidator.java:130)
	at org.hibernate.impl.SessionFactoryImpl.<init>(SessionFactoryImpl.java:349)
	at org.hibernate.cfg.Configuration.buildSessionFactory(Configuration.java:1327)
	at org.hibernate.cfg.AnnotationConfiguration.buildSessionFactory(AnnotationConfiguration.java:867)
	at org.hibernate.ejb.Ejb3Configuration.buildEntityManagerFactory(Ejb3Configuration.java:669)
	at org.hibernate.ejb.HibernatePersistence.createEntityManagerFactory(HibernatePersistence.java:126)
	at javax.persistence.Persistence.createEntityManagerFactory(Persistence.java:51)
	at javax.persistence.Persistence.createEntityManagerFactory(Persistence.java:33)
	at hu.bme.vihijv37.bus1fj.web.server.JpaManager.<init>(JpaManager.java:19)
	at hu.bme.vihijv37.bus1fj.web.server.JpaManager.<clinit>(JpaManager.java:10)
	at hu.bme.vihijv37.bus1fj.web.server.FsServiceImpl.login(FsServiceImpl.java:29)
	at sun.reflect.NativeMethodAccessorImpl.invoke0(Native Method)
	at sun.reflect.NativeMethodAccessorImpl.invoke(NativeMethodAccessorImpl.java:39)
	at sun.reflect.DelegatingMethodAccessorImpl.invoke(DelegatingMethodAccessorImpl.java:25)
	at java.lang.reflect.Method.invoke(Method.java:597)
	at com.google.gwt.user.server.rpc.RPC.invokeAndEncodeResponse(RPC.java:569)
	at com.google.gwt.user.server.rpc.RemoteServiceServlet.processCall(RemoteServiceServlet.java:208)
	at com.google.gwt.user.server.rpc.RemoteServiceServlet.processPost(RemoteServiceServlet.java:248)
	at com.google.gwt.user.server.rpc.AbstractRemoteServiceServlet.doPost(AbstractRemoteServiceServlet.java:62)
	at javax.servlet.http.HttpServlet.service(HttpServlet.java:637)
	at javax.servlet.http.HttpServlet.service(HttpServlet.java:717)
	at org.mortbay.jetty.servlet.ServletHolder.handle(ServletHolder.java:487)
	at org.mortbay.jetty.servlet.ServletHandler.handle(ServletHandler.java:362)
	at org.mortbay.jetty.security.SecurityHandler.handle(SecurityHandler.java:216)
	at org.mortbay.jetty.servlet.SessionHandler.handle(SessionHandler.java:181)
	at org.mortbay.jetty.handler.ContextHandler.handle(ContextHandler.java:729)
	at org.mortbay.jetty.webapp.WebAppContext.handle(WebAppContext.java:405)
	at org.mortbay.jetty.handler.HandlerWrapper.handle(HandlerWrapper.java:152)
	at org.mortbay.jetty.handler.RequestLogHandler.handle(RequestLogHandler.java:49)
	at org.mortbay.jetty.handler.HandlerWrapper.handle(HandlerWrapper.java:152)
	at org.mortbay.jetty.Server.handle(Server.java:324)
	at org.mortbay.jetty.HttpConnection.handleRequest(HttpConnection.java:505)
	at org.mortbay.jetty.HttpConnection$RequestHandler.content(HttpConnection.java:843)
	at org.mortbay.jetty.HttpParser.parseNext(HttpParser.java:647)
	at org.mortbay.jetty.HttpParser.parseAvailable(HttpParser.java:211)
	at org.mortbay.jetty.HttpConnection.handle(HttpConnection.java:380)
	at org.mortbay.io.nio.SelectChannelEndPoint.run(SelectChannelEndPoint.java:395)
	at org.mortbay.thread.QueuedThreadPool$PoolThread.run(QueuedThreadPool.java:488)
[2011-04-18 21:55:24,373|ERROR|btpool0-0|org.hibernate.tool.hbm2ddl.SchemaValidator.validate()] could not complete schema validation

java.sql.SQLException: Access denied for user 'fs'@'localhost' (using password: YES)
	at com.mysql.jdbc.SQLError.createSQLException(SQLError.java:946)
	at com.mysql.jdbc.MysqlIO.checkErrorPacket(MysqlIO.java:2985)
	at com.mysql.jdbc.MysqlIO.checkErrorPacket(MysqlIO.java:885)
	at com.mysql.jdbc.MysqlIO.secureAuth411(MysqlIO.java:3421)
	at com.mysql.jdbc.MysqlIO.doHandshake(MysqlIO.java:1247)
	at com.mysql.jdbc.Connection.createNewIO(Connection.java:2775)
	at com.mysql.jdbc.Connection.<init>(Connection.java:1555)
	at com.mysql.jdbc.NonRegisteringDriver.connect(NonRegisteringDriver.java:285)
	at java.sql.DriverManager.getConnection(DriverManager.java:582)
	at java.sql.DriverManager.getConnection(DriverManager.java:154)
	at org.hibernate.connection.DriverManagerConnectionProvider.getConnection(DriverManagerConnectionProvider.java:133)
	at org.hibernate.tool.hbm2ddl.SuppliedConnectionProviderConnectionHelper.prepare(SuppliedConnectionProviderConnectionHelper.java:51)
	at org.hibernate.tool.hbm2ddl.SchemaValidator.validate(SchemaValidator.java:130)
	at org.hibernate.impl.SessionFactoryImpl.<init>(SessionFactoryImpl.java:349)
	at org.hibernate.cfg.Configuration.buildSessionFactory(Configuration.java:1327)
	at org.hibernate.cfg.AnnotationConfiguration.buildSessionFactory(AnnotationConfiguration.java:867)
	at org.hibernate.ejb.Ejb3Configuration.buildEntityManagerFactory(Ejb3Configuration.java:669)
	at org.hibernate.ejb.HibernatePersistence.createEntityManagerFactory(HibernatePersistence.java:126)
	at javax.persistence.Persistence.createEntityManagerFactory(Persistence.java:51)
	at javax.persistence.Persistence.createEntityManagerFactory(Persistence.java:33)
	at hu.bme.vihijv37.bus1fj.web.server.JpaManager.<init>(JpaManager.java:19)
	at hu.bme.vihijv37.bus1fj.web.server.JpaManager.<clinit>(JpaManager.java:10)
	at hu.bme.vihijv37.bus1fj.web.server.FsServiceImpl.login(FsServiceImpl.java:29)
	at sun.reflect.NativeMethodAccessorImpl.invoke0(Native Method)
	at sun.reflect.NativeMethodAccessorImpl.invoke(NativeMethodAccessorImpl.java:39)
	at sun.reflect.DelegatingMethodAccessorImpl.invoke(DelegatingMethodAccessorImpl.java:25)
	at java.lang.reflect.Method.invoke(Method.java:597)
	at com.google.gwt.user.server.rpc.RPC.invokeAndEncodeResponse(RPC.java:569)
	at com.google.gwt.user.server.rpc.RemoteServiceServlet.processCall(RemoteServiceServlet.java:208)
	at com.google.gwt.user.server.rpc.RemoteServiceServlet.processPost(RemoteServiceServlet.java:248)
	at com.google.gwt.user.server.rpc.AbstractRemoteServiceServlet.doPost(AbstractRemoteServiceServlet.java:62)
	at javax.servlet.http.HttpServlet.service(HttpServlet.java:637)
	at javax.servlet.http.HttpServlet.service(HttpServlet.java:717)
	at org.mortbay.jetty.servlet.ServletHolder.handle(ServletHolder.java:487)
	at org.mortbay.jetty.servlet.ServletHandler.handle(ServletHandler.java:362)
	at org.mortbay.jetty.security.SecurityHandler.handle(SecurityHandler.java:216)
	at org.mortbay.jetty.servlet.SessionHandler.handle(SessionHandler.java:181)
	at org.mortbay.jetty.handler.ContextHandler.handle(ContextHandler.java:729)
	at org.mortbay.jetty.webapp.WebAppContext.handle(WebAppContext.java:405)
	at org.mortbay.jetty.handler.HandlerWrapper.handle(HandlerWrapper.java:152)
	at org.mortbay.jetty.handler.RequestLogHandler.handle(RequestLogHandler.java:49)
	at org.mortbay.jetty.handler.HandlerWrapper.handle(HandlerWrapper.java:152)
	at org.mortbay.jetty.Server.handle(Server.java:324)
	at org.mortbay.jetty.HttpConnection.handleRequest(HttpConnection.java:505)
	at org.mortbay.jetty.HttpConnection$RequestHandler.content(HttpConnection.java:843)
	at org.mortbay.jetty.HttpParser.parseNext(HttpParser.java:647)
	at org.mortbay.jetty.HttpParser.parseAvailable(HttpParser.java:211)
	at org.mortbay.jetty.HttpConnection.handle(HttpConnection.java:380)
	at org.mortbay.io.nio.SelectChannelEndPoint.run(SelectChannelEndPoint.java:395)
	at org.mortbay.thread.QueuedThreadPool$PoolThread.run(QueuedThreadPool.java:488)
[2011-04-18 21:55:24,686|WARN |btpool0-0|org.hibernate.util.JDBCExceptionReporter.logExceptions()] SQL Error: 1045, SQLState: 28000

[2011-04-18 21:55:24,686|ERROR|btpool0-0|org.hibernate.util.JDBCExceptionReporter.logExceptions()] Access denied for user 'fs'@'localhost' (using password: YES)

